<?xml version="1.0" encoding="UTF-8"?>
<!-- Generated by org.testng.reporters.JUnitReportReporter -->
<testsuite skipped="0" hostname="MITCHELEGBO275E" name="DemoClass.Basics" tests="1" failures="0" timestamp="03 Sep 2018 22:23:22 GMT" time="2.368" errors="0">
  <testcase name="BasicsRestAssured" time="2.368" classname="DemoClass.Basics"/>
</testsuite> <!-- DemoClass.Basics -->
