<?xml version="1.0" encoding="UTF-8"?>
<!-- Generated by org.testng.reporters.JUnitReportReporter -->
<testsuite skipped="0" hostname="MITCHELEGBO275E" name="DemoClass.Basics7" tests="1" failures="0" timestamp="03 Sep 2018 22:23:22 GMT" time="0.228" errors="0">
  <testcase name="JiraAPI" time="0.228" classname="DemoClass.Basics7"/>
</testsuite> <!-- DemoClass.Basics7 -->
