<?xml version="1.0" encoding="UTF-8"?>
<!-- Generated by org.testng.reporters.JUnitReportReporter -->
<testsuite skipped="0" hostname="MITCHELEGBO275E" name="TestngFiles.Annot2" tests="1" failures="0" timestamp="29 Mar 2018 20:51:40 GMT" time="0.000" errors="0">
  <testcase name="software" time="0.000" classname="TestngFiles.Annot2"/>
</testsuite> <!-- TestngFiles.Annot2 -->
