<?xml version="1.0" encoding="UTF-8"?>
<!-- Generated by org.testng.reporters.JUnitReportReporter -->
<testsuite skipped="0" hostname="MITCHELEGBO275E" name="TestngFiles.Annotations" tests="2" failures="0" timestamp="29 Mar 2018 21:03:44 GMT" time="0.019" errors="0">
  <testcase name="FlightBooking" time="0.018" classname="TestngFiles.Annotations"/>
  <testcase name="OpeningBrowser" time="0.001" classname="TestngFiles.Annotations"/>
</testsuite> <!-- TestngFiles.Annotations -->
