<?xml version="1.0" encoding="UTF-8"?>
<!-- Generated by org.testng.reporters.JUnitReportReporter -->
<testsuite skipped="1" hostname="MITCHELEGBO275E" name="TestngFiles.DependencyAnnot" tests="4" failures="0" timestamp="29 Mar 2018 20:36:31 GMT" time="0.016" errors="0">
  <testcase name="OpeningBrowser" time="0.000" classname="TestngFiles.DependencyAnnot"/>
  <testcase name="Timerelated" time="0.016" classname="TestngFiles.DependencyAnnot"/>
  <testcase name="FlightBooking" time="0.000" classname="TestngFiles.DependencyAnnot"/>
  <testcase name="Payment" classname="TestngFiles.DependencyAnnot">
    <skipped/>
  </testcase> <!-- Payment -->
</testsuite> <!-- TestngFiles.DependencyAnnot -->
